[debug] [2021-07-31T12:26:07.704Z] ----------------------------------------------------------------------
[debug] [2021-07-31T12:26:07.706Z] Command:       C:\Program Files\nodejs\node.exe C:\Users\shedod02\AppData\Roaming\npm\node_modules\firebase-tools\lib\bin\firebase.js init
[debug] [2021-07-31T12:26:07.706Z] CLI Version:   9.16.0
[debug] [2021-07-31T12:26:07.706Z] Platform:      win32
[debug] [2021-07-31T12:26:07.707Z] Node Version:  v12.18.3
[debug] [2021-07-31T12:26:07.708Z] Time:          Sat Jul 31 2021 17:56:07 GMT+0530 (India Standard Time)
[debug] [2021-07-31T12:26:07.708Z] ----------------------------------------------------------------------
[debug] 
[debug] [2021-07-31T12:26:07.714Z] > command requires scopes: ["email","openid","https://www.googleapis.com/auth/cloudplatformprojects.readonly","https://www.googleapis.com/auth/firebase","https://www.googleapis.com/auth/cloud-platform"]
[debug] [2021-07-31T12:26:07.714Z] > authorizing via signed-in user (kumar.dsheelvant@gmail.com)
[info] 
     ######## #### ########  ######## ########     ###     ######  ########
     ##        ##  ##     ## ##       ##     ##  ##   ##  ##       ##
     ######    ##  ########  ######   ########  #########  ######  ######
     ##        ##  ##    ##  ##       ##     ## ##     ##       ## ##
     ##       #### ##     ## ######## ########  ##     ##  ######  ########

You're about to initialize a Firebase project in this directory:

  C:\DRS\Work_2_exp\Angular\dNumbers

Before we get started, keep in mind:

  * You are currently outside your home directory

